<?xml version="1.0" encoding="UTF-8"?>
<!-- Generated by org.testng.reporters.JUnitXMLReporter -->
<testsuite hostname="guillaume-HP-Z200-Workstation" name="Default test(failed)" tests="1" failures="1" timestamp="4 Apr 2014 07:11:08 GMT" time="0.03" errors="0">
  <testcase name="test" time="0.012" classname="fr.emn.optiplace.configuration.graphics.Square2DTest">
    <failure type="java.lang.AssertionError" message="expected [0] but found [2]">
      <![CDATA[java.lang.AssertionError: expected [0] but found [2]
	at fr.emn.optiplace.configuration.graphics.Square2DTest.test(Square2DTest.java:26)
... Removed 29 stack frames]]>
    </failure>
  </testcase> <!-- test -->
</testsuite> <!-- Default test(failed) -->
